Performing C SOURCE FILE Test CMAKE_HAVE_LIBC_PTHREAD failed with the following output:
Change Dir: /home/kiwwiaq/chia/chia-plotter/build/CMakeFiles/CMakeTmp

Run Build Command(s):/usr/bin/make -f Makefile cmTC_b555a/fast && /usr/bin/make  -f CMakeFiles/cmTC_b555a.dir/build.make CMakeFiles/cmTC_b555a.dir/build
make[1]: Entering directory '/home/kiwwiaq/chia/chia-plotter/build/CMakeFiles/CMakeTmp'
Building C object CMakeFiles/cmTC_b555a.dir/src.c.o
/usr/bin/cc -DCMAKE_HAVE_LIBC_PTHREAD  -fPIE -o CMakeFiles/cmTC_b555a.dir/src.c.o -c /home/kiwwiaq/chia/chia-plotter/build/CMakeFiles/CMakeTmp/src.c
Linking C executable cmTC_b555a
/usr/bin/cmake -E cmake_link_script CMakeFiles/cmTC_b555a.dir/link.txt --verbose=1
/usr/bin/cc -rdynamic CMakeFiles/cmTC_b555a.dir/src.c.o -o cmTC_b555a 
/usr/bin/ld: CMakeFiles/cmTC_b555a.dir/src.c.o: in function `main':
src.c:(.text+0x3e): undefined reference to `pthread_create'
/usr/bin/ld: src.c:(.text+0x4a): undefined reference to `pthread_detach'
/usr/bin/ld: src.c:(.text+0x56): undefined reference to `pthread_cancel'
/usr/bin/ld: src.c:(.text+0x67): undefined reference to `pthread_join'
collect2: error: ld returned 1 exit status
make[1]: *** [CMakeFiles/cmTC_b555a.dir/build.make:99: cmTC_b555a] Error 1
make[1]: Leaving directory '/home/kiwwiaq/chia/chia-plotter/build/CMakeFiles/CMakeTmp'
make: *** [Makefile:127: cmTC_b555a/fast] Error 2


Source file was:
#include <pthread.h>

static void* test_func(void* data)
{
  return data;
}

int main(void)
{
  pthread_t thread;
  pthread_create(&thread, NULL, test_func, NULL);
  pthread_detach(thread);
  pthread_cancel(thread);
  pthread_join(thread, NULL);
  pthread_atfork(NULL, NULL, NULL);
  pthread_exit(NULL);

  return 0;
}

Determining if the function pthread_create exists in the pthreads failed with the following output:
Change Dir: /home/kiwwiaq/chia/chia-plotter/build/CMakeFiles/CMakeTmp

Run Build Command(s):/usr/bin/make -f Makefile cmTC_bc9b3/fast && /usr/bin/make  -f CMakeFiles/cmTC_bc9b3.dir/build.make CMakeFiles/cmTC_bc9b3.dir/build
make[1]: Entering directory '/home/kiwwiaq/chia/chia-plotter/build/CMakeFiles/CMakeTmp'
Building C object CMakeFiles/cmTC_bc9b3.dir/CheckFunctionExists.c.o
/usr/bin/cc   -DCHECK_FUNCTION_EXISTS=pthread_create -fPIE -o CMakeFiles/cmTC_bc9b3.dir/CheckFunctionExists.c.o -c /usr/share/cmake-3.21/Modules/CheckFunctionExists.c
Linking C executable cmTC_bc9b3
/usr/bin/cmake -E cmake_link_script CMakeFiles/cmTC_bc9b3.dir/link.txt --verbose=1
/usr/bin/cc  -DCHECK_FUNCTION_EXISTS=pthread_create -rdynamic CMakeFiles/cmTC_bc9b3.dir/CheckFunctionExists.c.o -o cmTC_bc9b3  -lpthreads 
/usr/bin/ld: cannot find -lpthreads
collect2: error: ld returned 1 exit status
make[1]: *** [CMakeFiles/cmTC_bc9b3.dir/build.make:99: cmTC_bc9b3] Error 1
make[1]: Leaving directory '/home/kiwwiaq/chia/chia-plotter/build/CMakeFiles/CMakeTmp'
make: *** [Makefile:127: cmTC_bc9b3/fast] Error 2



